Starting project at /Users/dantinucci/quiltcalc/QuiltCalc
Starting Metro Bundler
warning: Bundler cache is empty, rebuilding (this may take a minute)
The following packages should be updated for best compatibility with the installed expo version:
  expo@53.0.12 - expected version: 53.0.13
  expo-camera@16.1.8 - expected version: ~16.1.9
Your project may not work correctly until you install the expected versions of the packages.
Waiting on http://localhost:8081
Logs for your project will appear below.
Web Bundled 2708ms index.js (717 modules)
Web ./index.js ░░░░░░░░░░░░░░░░  0.0% (0/1)
Web Bundled 50ms index.js (1 module)
Web ./index.js ░░░░░░░░░░░░░░░░  0.0% (0/1)
Web Bundled 46ms index.js (1 module)
Web ./index.js ░░░░░░░░░░░░░░░░  0.0% (0/1)
Web Bundled 46ms index.js (1 module)
Web Bundled 56ms index.js (1 module)
Web ./index.js ░░░░░░░░░░░░░░░░  0.0% (0/1)
Web Bundled 59ms index.js (1 module)
Web ./index.js ░░░░░░░░░░░░░░░░  0.0% (0/1)
Web Bundled 60ms index.js (1 module)
Web ./index.js ░░░░░░░░░░░░░░░░  0.0% (0/1)
Web Bundled 149ms index.js (1 module)
Web ./index.js ░░░░░░░░░░░░░░░░  0.0% (0/1)
Web Bundled 52ms index.js (1 module)
Web ./index.js ░░░░░░░░░░░░░░░░  0.0% (0/1)
Web Bundled 133ms index.js (1 module)
Web ./index.js ░░░░░░░░░░░░░░░░  0.0% (0/1)
Web Bundled 262ms index.js (1 module)
Web ./index.js ░░░░░░░░░░░░░░░░  0.0% (0/1)
Web Bundled 43ms index.js (1 module)
Web ./index.js ░░░░░░░░░░░░░░░░  0.0% (0/1)
Web Bundled 42ms index.js (1 module)
Web ./index.js ░░░░░░░░░░░░░░░░  0.0% (0/1)
Web Bundled 39ms index.js (1 module)
